<?xml version="1.0" encoding="UTF-8"?>
<!-- Generated by org.testng.reporters.JUnitReportReporter -->
<testsuite skipped="0" hostname="LAPTOP-2TM1PA16" name="test.TestDemo" tests="1" failures="0" timestamp="26 二月 2019 01:29:23 GMT" time="1.564" errors="0">
  <testcase name="runmain" time="1.564" classname="test.TestDemo"/>
</testsuite> <!-- test.TestDemo -->
