<?xml version="1.0" encoding="UTF-8"?>
<!-- Generated by org.testng.reporters.JUnitReportReporter -->
<testsuite skipped="1" hostname="LAPTOP-2TM1PA16" name="com.com.sxf.Search" tests="7" failures="0" timestamp="09 十一月 2018 02:38:39 GMT" time="4.036" errors="1">
  <testcase name="divisionWithException" time="0.000" classname="com.com.sxf.Search"/>
  <testcase name="CharToASCIITest" time="0.000" classname="com.com.sxf.Search"/>
  <testcase name="loadTestThisWebsite" time="0.000" classname="com.com.sxf.Search"/>
  <testcase name="loadTestThisWebsite" time="0.013" classname="com.com.sxf.Search"/>
  <testcase name="loadTestThisWebsite" time="0.013" classname="com.com.sxf.Search"/>
  <testcase name="test4" time="4.010" classname="com.com.sxf.Search">
    <error type="org.testng.internal.thread.ThreadTimeoutException" message="Method com.com.sxf.Search.test4() didn&#039;t finish within the time-out 4000">
      <![CDATA[org.testng.internal.thread.ThreadTimeoutException: Method com.com.sxf.Search.test4() didn't finish within the time-out 4000
]]>
    </error>
  </testcase> <!-- test4 -->
  <testcase name="test3" classname="com.com.sxf.Search">
    <skipped/>
  </testcase> <!-- test3 -->
</testsuite> <!-- com.com.sxf.Search -->
