<?xml version="1.0" encoding="UTF-8"?>
<!-- Generated by org.testng.reporters.JUnitReportReporter -->
<testsuite skipped="0" hostname="LAPTOP-2TM1PA16" name="com.com.com.com.sxf.NewTest" tests="1" failures="0" timestamp="12 十一月 2018 09:49:16 GMT" time="0.006" errors="0">
  <testcase name="f" time="0.006" classname="com.com.com.com.sxf.NewTest"/>
</testsuite> <!-- com.com.com.com.sxf.NewTest -->
