<?xml version="1.0" encoding="UTF-8"?>
<!-- Generated by org.testng.reporters.JUnitReportReporter -->
<testsuite skipped="0" hostname="LAPTOP-2TM1PA16" name="TestDemo" tests="1" failures="0" timestamp="30 一月 2019 07:38:22 GMT" time="1.153" errors="0">
  <testcase name="runmain" time="1.153" classname="TestDemo"/>
</testsuite> <!-- TestDemo -->
