<?xml version="1.0" encoding="UTF-8"?>
<!-- Generated by org.testng.reporters.JUnitReportReporter -->
<testsuite skipped="0" hostname="LAPTOP-2TM1PA16" name="TestDemo" tests="1" failures="0" timestamp="29 十二月 2018 08:42:51 GMT" time="2.268" errors="0">
  <testcase name="runmain" time="2.268" classname="TestDemo"/>
</testsuite> <!-- TestDemo -->
