<?xml version="1.0" encoding="UTF-8"?>
<!-- Generated by org.testng.reporters.JUnitReportReporter -->
<testsuite skipped="0" hostname="LAPTOP-2TM1PA16" name="BorwserEngin" tests="1" failures="0" timestamp="25 十一月 2018 06:12:40 GMT" time="0.013" errors="0">
  <testcase name="parameter" time="0.013" classname="BorwserEngin"/>
</testsuite> <!-- BorwserEngin -->
